2026-02-04T19:29:18.748786Z  INFO tailwindcss_oxide::scanner: Provided sources:
2026-02-04T19:29:22.039584Z  INFO tailwindcss_oxide::scanner: Source: PublicSourceEntry { base: "F:\\My work\\Movie_Discovery\\tmdb-movie-app", pattern: "**/*", negated: false }
2026-02-04T19:29:22.081352Z  INFO tailwindcss_oxide::scanner: Optimized sources:
2026-02-04T19:29:22.081408Z  INFO tailwindcss_oxide::scanner: Source: Auto { base: "F:\\My work\\Movie_Discovery\\tmdb-movie-app" }
2026-02-04T19:29:22.176041Z  INFO scan_sources: tailwindcss_oxide::scanner: enter
2026-02-04T19:29:22.248558Z  INFO scan_sources: tailwindcss_oxide::scanner: Discovering "F:\\My work\\Movie_Discovery\\tmdb-movie-app\\eslint.config.mjs"
2026-02-04T19:29:22.249707Z  INFO scan_sources: tailwindcss_oxide::scanner: Discovering "F:\\My work\\Movie_Discovery\\tmdb-movie-app\\next.config.ts"
2026-02-04T19:29:22.250132Z  INFO scan_sources: tailwindcss_oxide::scanner: Discovering "F:\\My work\\Movie_Discovery\\tmdb-movie-app\\package.json"
2026-02-04T19:29:22.250233Z  INFO scan_sources: tailwindcss_oxide::scanner: Discovering "F:\\My work\\Movie_Discovery\\tmdb-movie-app\\postcss.config.mjs"
2026-02-04T19:29:22.250379Z  INFO scan_sources: tailwindcss_oxide::scanner: Discovering "F:\\My work\\Movie_Discovery\\tmdb-movie-app\\public"
2026-02-04T19:29:22.250574Z  INFO scan_sources: tailwindcss_oxide::scanner: Discovering "F:\\My work\\Movie_Discovery\\tmdb-movie-app\\public\\file.svg"
2026-02-04T19:29:22.250668Z  INFO scan_sources: tailwindcss_oxide::scanner: Discovering "F:\\My work\\Movie_Discovery\\tmdb-movie-app\\public\\globe.svg"
2026-02-04T19:29:22.250759Z  INFO scan_sources: tailwindcss_oxide::scanner: Discovering "F:\\My work\\Movie_Discovery\\tmdb-movie-app\\public\\next.svg"
2026-02-04T19:29:22.250855Z  INFO scan_sources: tailwindcss_oxide::scanner: Discovering "F:\\My work\\Movie_Discovery\\tmdb-movie-app\\public\\vercel.svg"
2026-02-04T19:29:22.250944Z  INFO scan_sources: tailwindcss_oxide::scanner: Discovering "F:\\My work\\Movie_Discovery\\tmdb-movie-app\\public\\window.svg"
2026-02-04T19:29:22.251075Z  INFO scan_sources: tailwindcss_oxide::scanner: Discovering "F:\\My work\\Movie_Discovery\\tmdb-movie-app\\README.md"
2026-02-04T19:29:22.251213Z  INFO scan_sources: tailwindcss_oxide::scanner: Discovering "F:\\My work\\Movie_Discovery\\tmdb-movie-app\\src"
2026-02-04T19:29:22.251443Z  INFO scan_sources: tailwindcss_oxide::scanner: Discovering "F:\\My work\\Movie_Discovery\\tmdb-movie-app\\src\\app"
2026-02-04T19:29:22.251686Z  INFO scan_sources: tailwindcss_oxide::scanner: Discovering "F:\\My work\\Movie_Discovery\\tmdb-movie-app\\src\\app\\genre"
2026-02-04T19:29:22.251927Z  INFO scan_sources: tailwindcss_oxide::scanner: Discovering "F:\\My work\\Movie_Discovery\\tmdb-movie-app\\src\\app\\genre\\[id]"
2026-02-04T19:29:22.252155Z  INFO scan_sources: tailwindcss_oxide::scanner: Discovering "F:\\My work\\Movie_Discovery\\tmdb-movie-app\\src\\app\\genre\\[id]\\loading.tsx"
2026-02-04T19:29:22.252305Z  INFO scan_sources: tailwindcss_oxide::scanner: Discovering "F:\\My work\\Movie_Discovery\\tmdb-movie-app\\src\\app\\genre\\[id]\\page.tsx"
2026-02-04T19:29:22.252513Z  INFO scan_sources: tailwindcss_oxide::scanner: Discovering "F:\\My work\\Movie_Discovery\\tmdb-movie-app\\src\\app\\globals.css"
2026-02-04T19:29:22.252637Z  INFO scan_sources: tailwindcss_oxide::scanner: Discovering "F:\\My work\\Movie_Discovery\\tmdb-movie-app\\src\\app\\layout.tsx"
2026-02-04T19:29:22.252762Z  INFO scan_sources: tailwindcss_oxide::scanner: Discovering "F:\\My work\\Movie_Discovery\\tmdb-movie-app\\src\\app\\loading.tsx"
2026-02-04T19:29:22.252961Z  INFO scan_sources: tailwindcss_oxide::scanner: Discovering "F:\\My work\\Movie_Discovery\\tmdb-movie-app\\src\\app\\movie"
2026-02-04T19:29:22.253550Z  INFO scan_sources: tailwindcss_oxide::scanner: Discovering "F:\\My work\\Movie_Discovery\\tmdb-movie-app\\src\\app\\movie\\[id]"
2026-02-04T19:29:22.253919Z  INFO scan_sources: tailwindcss_oxide::scanner: Discovering "F:\\My work\\Movie_Discovery\\tmdb-movie-app\\src\\app\\movie\\[id]\\loading.tsx"
2026-02-04T19:29:22.254186Z  INFO scan_sources: tailwindcss_oxide::scanner: Discovering "F:\\My work\\Movie_Discovery\\tmdb-movie-app\\src\\app\\movie\\[id]\\page.tsx"
2026-02-04T19:29:22.254457Z  INFO scan_sources: tailwindcss_oxide::scanner: Discovering "F:\\My work\\Movie_Discovery\\tmdb-movie-app\\src\\app\\movies"
2026-02-04T19:29:22.254704Z  INFO scan_sources: tailwindcss_oxide::scanner: Discovering "F:\\My work\\Movie_Discovery\\tmdb-movie-app\\src\\app\\movies\\loading.tsx"
2026-02-04T19:29:22.254814Z  INFO scan_sources: tailwindcss_oxide::scanner: Discovering "F:\\My work\\Movie_Discovery\\tmdb-movie-app\\src\\app\\movies\\page.tsx"
2026-02-04T19:29:22.254936Z  INFO scan_sources: tailwindcss_oxide::scanner: Discovering "F:\\My work\\Movie_Discovery\\tmdb-movie-app\\src\\app\\page.tsx"
2026-02-04T19:29:22.255091Z  INFO scan_sources: tailwindcss_oxide::scanner: Discovering "F:\\My work\\Movie_Discovery\\tmdb-movie-app\\src\\app\\recently-viewed"
2026-02-04T19:29:22.255295Z  INFO scan_sources: tailwindcss_oxide::scanner: Discovering "F:\\My work\\Movie_Discovery\\tmdb-movie-app\\src\\app\\recently-viewed\\page.tsx"
2026-02-04T19:29:22.255480Z  INFO scan_sources: tailwindcss_oxide::scanner: Discovering "F:\\My work\\Movie_Discovery\\tmdb-movie-app\\src\\app\\recently-viewed\\__tests__"
2026-02-04T19:29:22.255680Z  INFO scan_sources: tailwindcss_oxide::scanner: Discovering "F:\\My work\\Movie_Discovery\\tmdb-movie-app\\src\\app\\recently-viewed\\__tests__\\page.test.tsx"
2026-02-04T19:29:22.255869Z  INFO scan_sources: tailwindcss_oxide::scanner: Discovering "F:\\My work\\Movie_Discovery\\tmdb-movie-app\\src\\app\\search"
2026-02-04T19:29:22.256047Z  INFO scan_sources: tailwindcss_oxide::scanner: Discovering "F:\\My work\\Movie_Discovery\\tmdb-movie-app\\src\\app\\search\\loading.tsx"
2026-02-04T19:29:22.256137Z  INFO scan_sources: tailwindcss_oxide::scanner: Discovering "F:\\My work\\Movie_Discovery\\tmdb-movie-app\\src\\app\\search\\page.tsx"
2026-02-04T19:29:22.256315Z  INFO scan_sources: tailwindcss_oxide::scanner: Discovering "F:\\My work\\Movie_Discovery\\tmdb-movie-app\\src\\app\\watch-later"
2026-02-04T19:29:22.256518Z  INFO scan_sources: tailwindcss_oxide::scanner: Discovering "F:\\My work\\Movie_Discovery\\tmdb-movie-app\\src\\app\\watch-later\\page.tsx"
2026-02-04T19:29:22.256732Z  INFO scan_sources: tailwindcss_oxide::scanner: Discovering "F:\\My work\\Movie_Discovery\\tmdb-movie-app\\src\\components"
2026-02-04T19:29:22.257172Z  INFO scan_sources: tailwindcss_oxide::scanner: Discovering "F:\\My work\\Movie_Discovery\\tmdb-movie-app\\src\\components\\GenreBar.tsx"
2026-02-04T19:29:22.257308Z  INFO scan_sources: tailwindcss_oxide::scanner: Discovering "F:\\My work\\Movie_Discovery\\tmdb-movie-app\\src\\components\\GenreList.tsx"
2026-02-04T19:29:22.257404Z  INFO scan_sources: tailwindcss_oxide::scanner: Discovering "F:\\My work\\Movie_Discovery\\tmdb-movie-app\\src\\components\\GenreRowsContainer.tsx"
2026-02-04T19:29:22.257510Z  INFO scan_sources: tailwindcss_oxide::scanner: Discovering "F:\\My work\\Movie_Discovery\\tmdb-movie-app\\src\\components\\GenreSection.tsx"
2026-02-04T19:29:22.257602Z  INFO scan_sources: tailwindcss_oxide::scanner: Discovering "F:\\My work\\Movie_Discovery\\tmdb-movie-app\\src\\components\\LoadingSkeleton.tsx"
2026-02-04T19:29:22.257691Z  INFO scan_sources: tailwindcss_oxide::scanner: Discovering "F:\\My work\\Movie_Discovery\\tmdb-movie-app\\src\\components\\MovieCard.tsx"
2026-02-04T19:29:22.257781Z  INFO scan_sources: tailwindcss_oxide::scanner: Discovering "F:\\My work\\Movie_Discovery\\tmdb-movie-app\\src\\components\\MovieCardSkeleton.tsx"
2026-02-04T19:29:22.257870Z  INFO scan_sources: tailwindcss_oxide::scanner: Discovering "F:\\My work\\Movie_Discovery\\tmdb-movie-app\\src\\components\\MovieGrid.tsx"
2026-02-04T19:29:22.257959Z  INFO scan_sources: tailwindcss_oxide::scanner: Discovering "F:\\My work\\Movie_Discovery\\tmdb-movie-app\\src\\components\\MovieGridSkeleton.tsx"
2026-02-04T19:29:22.258062Z  INFO scan_sources: tailwindcss_oxide::scanner: Discovering "F:\\My work\\Movie_Discovery\\tmdb-movie-app\\src\\components\\MoviePageLoading.tsx"
2026-02-04T19:29:22.258228Z  INFO scan_sources: tailwindcss_oxide::scanner: Discovering "F:\\My work\\Movie_Discovery\\tmdb-movie-app\\src\\components\\Navbar.tsx"
2026-02-04T19:29:22.258323Z  INFO scan_sources: tailwindcss_oxide::scanner: Discovering "F:\\My work\\Movie_Discovery\\tmdb-movie-app\\src\\components\\Pagination.tsx"
2026-02-04T19:29:22.258413Z  INFO scan_sources: tailwindcss_oxide::scanner: Discovering "F:\\My work\\Movie_Discovery\\tmdb-movie-app\\src\\components\\PlayTrailerButton.tsx"
2026-02-04T19:29:22.258504Z  INFO scan_sources: tailwindcss_oxide::scanner: Discovering "F:\\My work\\Movie_Discovery\\tmdb-movie-app\\src\\components\\RecentlyViewedHandler.tsx"
2026-02-04T19:29:22.258597Z  INFO scan_sources: tailwindcss_oxide::scanner: Discovering "F:\\My work\\Movie_Discovery\\tmdb-movie-app\\src\\components\\SortSelector.tsx"
2026-02-04T19:29:22.258694Z  INFO scan_sources: tailwindcss_oxide::scanner: Discovering "F:\\My work\\Movie_Discovery\\tmdb-movie-app\\src\\components\\ThemeProvider.tsx"
2026-02-04T19:29:22.258782Z  INFO scan_sources: tailwindcss_oxide::scanner: Discovering "F:\\My work\\Movie_Discovery\\tmdb-movie-app\\src\\components\\ThemeToggle.tsx"
2026-02-04T19:29:22.258868Z  INFO scan_sources: tailwindcss_oxide::scanner: Discovering "F:\\My work\\Movie_Discovery\\tmdb-movie-app\\src\\components\\TrailerModal.tsx"
2026-02-04T19:29:22.259023Z  INFO scan_sources: tailwindcss_oxide::scanner: Discovering "F:\\My work\\Movie_Discovery\\tmdb-movie-app\\src\\components\\ui"
2026-02-04T19:29:22.259221Z  INFO scan_sources: tailwindcss_oxide::scanner: Discovering "F:\\My work\\Movie_Discovery\\tmdb-movie-app\\src\\components\\ui\\Skeleton.tsx"
2026-02-04T19:29:22.259355Z  INFO scan_sources: tailwindcss_oxide::scanner: Discovering "F:\\My work\\Movie_Discovery\\tmdb-movie-app\\src\\components\\WatchLaterButton.tsx"
2026-02-04T19:29:22.259495Z  INFO scan_sources: tailwindcss_oxide::scanner: Discovering "F:\\My work\\Movie_Discovery\\tmdb-movie-app\\src\\components\\__tests__"
2026-02-04T19:29:22.259679Z  INFO scan_sources: tailwindcss_oxide::scanner: Discovering "F:\\My work\\Movie_Discovery\\tmdb-movie-app\\src\\components\\__tests__\\MovieCard.test.tsx"
2026-02-04T19:29:22.259765Z  INFO scan_sources: tailwindcss_oxide::scanner: Discovering "F:\\My work\\Movie_Discovery\\tmdb-movie-app\\src\\components\\__tests__\\MovieGridSkeleton.test.tsx"
2026-02-04T19:29:22.259943Z  INFO scan_sources: tailwindcss_oxide::scanner: Discovering "F:\\My work\\Movie_Discovery\\tmdb-movie-app\\src\\hooks"
2026-02-04T19:29:22.260110Z  INFO scan_sources: tailwindcss_oxide::scanner: Discovering "F:\\My work\\Movie_Discovery\\tmdb-movie-app\\src\\hooks\\useStore.ts"
2026-02-04T19:29:22.260259Z  INFO scan_sources: tailwindcss_oxide::scanner: Discovering "F:\\My work\\Movie_Discovery\\tmdb-movie-app\\src\\lib"
2026-02-04T19:29:22.260427Z  INFO scan_sources: tailwindcss_oxide::scanner: Discovering "F:\\My work\\Movie_Discovery\\tmdb-movie-app\\src\\lib\\helpers.ts"
2026-02-04T19:29:22.260510Z  INFO scan_sources: tailwindcss_oxide::scanner: Discovering "F:\\My work\\Movie_Discovery\\tmdb-movie-app\\src\\lib\\tmdb.ts"
2026-02-04T19:29:22.260633Z  INFO scan_sources: tailwindcss_oxide::scanner: Discovering "F:\\My work\\Movie_Discovery\\tmdb-movie-app\\src\\lib\\__tests__"
2026-02-04T19:29:22.260807Z  INFO scan_sources: tailwindcss_oxide::scanner: Discovering "F:\\My work\\Movie_Discovery\\tmdb-movie-app\\src\\lib\\__tests__\\tmdb.test.ts"
2026-02-04T19:29:22.260976Z  INFO scan_sources: tailwindcss_oxide::scanner: Discovering "F:\\My work\\Movie_Discovery\\tmdb-movie-app\\src\\store"
2026-02-04T19:29:22.261140Z  INFO scan_sources: tailwindcss_oxide::scanner: Discovering "F:\\My work\\Movie_Discovery\\tmdb-movie-app\\src\\store\\recentlyViewedStore.ts"
2026-02-04T19:29:22.261223Z  INFO scan_sources: tailwindcss_oxide::scanner: Discovering "F:\\My work\\Movie_Discovery\\tmdb-movie-app\\src\\store\\uiStore.ts"
2026-02-04T19:29:22.261305Z  INFO scan_sources: tailwindcss_oxide::scanner: Discovering "F:\\My work\\Movie_Discovery\\tmdb-movie-app\\src\\store\\watchLaterStore.ts"
2026-02-04T19:29:22.261435Z  INFO scan_sources: tailwindcss_oxide::scanner: Discovering "F:\\My work\\Movie_Discovery\\tmdb-movie-app\\src\\store\\__tests__"
2026-02-04T19:29:22.261605Z  INFO scan_sources: tailwindcss_oxide::scanner: Discovering "F:\\My work\\Movie_Discovery\\tmdb-movie-app\\src\\store\\__tests__\\recentlyViewedStore.test.ts"
2026-02-04T19:29:22.261774Z  INFO scan_sources: tailwindcss_oxide::scanner: Discovering "F:\\My work\\Movie_Discovery\\tmdb-movie-app\\src\\test"
2026-02-04T19:29:22.261944Z  INFO scan_sources: tailwindcss_oxide::scanner: Discovering "F:\\My work\\Movie_Discovery\\tmdb-movie-app\\src\\test\\setup.tsx"
2026-02-04T19:29:22.262100Z  INFO scan_sources: tailwindcss_oxide::scanner: Discovering "F:\\My work\\Movie_Discovery\\tmdb-movie-app\\src\\types"
2026-02-04T19:29:22.262289Z  INFO scan_sources: tailwindcss_oxide::scanner: Discovering "F:\\My work\\Movie_Discovery\\tmdb-movie-app\\src\\types\\movie.ts"
2026-02-04T19:29:22.262517Z  INFO scan_sources: tailwindcss_oxide::scanner: Discovering "F:\\My work\\Movie_Discovery\\tmdb-movie-app\\tsconfig.json"
2026-02-04T19:29:22.262636Z  INFO scan_sources: tailwindcss_oxide::scanner: Discovering "F:\\My work\\Movie_Discovery\\tmdb-movie-app\\vitest.config.ts"
2026-02-04T19:29:22.262800Z  INFO scan_sources: tailwindcss_oxide::scanner: exit
2026-02-04T19:29:22.262818Z  INFO extract_candidates: tailwindcss_oxide::scanner: enter
2026-02-04T19:29:22.262831Z  INFO extract_candidates:read_all_files: tailwindcss_oxide::scanner: enter
2026-02-04T19:29:22.262842Z  INFO extract_candidates:read_all_files: tailwindcss_oxide::scanner: Reading 58 file(s)
2026-02-04T19:29:22.266510Z  INFO tailwindcss_oxide::scanner: Reading "F:\\My work\\Movie_Discovery\\tmdb-movie-app\\src\\app\\movie\\[id]\\loading.tsx"
2026-02-04T19:29:22.266510Z  INFO tailwindcss_oxide::scanner: Reading "F:\\My work\\Movie_Discovery\\tmdb-movie-app\\src\\components\\ThemeProvider.tsx"
2026-02-04T19:29:22.266509Z  INFO tailwindcss_oxide::scanner: Reading "F:\\My work\\Movie_Discovery\\tmdb-movie-app\\src\\store\\recentlyViewedStore.ts"
2026-02-04T19:29:22.266520Z  INFO tailwindcss_oxide::scanner: Reading "F:\\My work\\Movie_Discovery\\tmdb-movie-app\\src\\components\\WatchLaterButton.tsx"
2026-02-04T19:29:22.266510Z  INFO tailwindcss_oxide::scanner: Reading "F:\\My work\\Movie_Discovery\\tmdb-movie-app\\src\\components\\MovieCard.tsx"
2026-02-04T19:29:22.266509Z  INFO tailwindcss_oxide::scanner: Reading "F:\\My work\\Movie_Discovery\\tmdb-movie-app\\src\\components\\PlayTrailerButton.tsx"
2026-02-04T19:29:22.266512Z  INFO tailwindcss_oxide::scanner: Reading "F:\\My work\\Movie_Discovery\\tmdb-movie-app\\eslint.config.mjs"
2026-02-04T19:29:22.266518Z  INFO tailwindcss_oxide::scanner: Reading "F:\\My work\\Movie_Discovery\\tmdb-movie-app\\public\\vercel.svg"
2026-02-04T19:29:22.266725Z  INFO tailwindcss_oxide::scanner: Reading "F:\\My work\\Movie_Discovery\\tmdb-movie-app\\src\\app\\movie\\[id]\\page.tsx"
2026-02-04T19:29:22.266760Z  INFO tailwindcss_oxide::scanner: Reading "F:\\My work\\Movie_Discovery\\tmdb-movie-app\\src\\store\\uiStore.ts"
2026-02-04T19:29:22.266768Z  INFO tailwindcss_oxide::scanner: Reading "F:\\My work\\Movie_Discovery\\tmdb-movie-app\\src\\components\\__tests__\\MovieCard.test.tsx"
2026-02-04T19:29:22.266768Z  INFO tailwindcss_oxide::scanner: Reading "F:\\My work\\Movie_Discovery\\tmdb-movie-app\\src\\components\\RecentlyViewedHandler.tsx"
2026-02-04T19:29:22.266778Z  INFO tailwindcss_oxide::scanner: Reading "F:\\My work\\Movie_Discovery\\tmdb-movie-app\\src\\components\\ThemeToggle.tsx"
2026-02-04T19:29:22.266803Z  INFO tailwindcss_oxide::scanner: Reading "F:\\My work\\Movie_Discovery\\tmdb-movie-app\\public\\window.svg"
2026-02-04T19:29:22.266783Z  INFO tailwindcss_oxide::scanner: Reading "F:\\My work\\Movie_Discovery\\tmdb-movie-app\\src\\components\\MovieCardSkeleton.tsx"
2026-02-04T19:29:22.266822Z  INFO tailwindcss_oxide::scanner: Reading "F:\\My work\\Movie_Discovery\\tmdb-movie-app\\next.config.ts"
2026-02-04T19:29:22.266928Z  INFO tailwindcss_oxide::scanner: Reading "F:\\My work\\Movie_Discovery\\tmdb-movie-app\\README.md"
2026-02-04T19:29:22.266935Z  INFO tailwindcss_oxide::scanner: Reading "F:\\My work\\Movie_Discovery\\tmdb-movie-app\\src\\components\\MovieGrid.tsx"
2026-02-04T19:29:22.266861Z  INFO tailwindcss_oxide::scanner: Reading "F:\\My work\\Movie_Discovery\\tmdb-movie-app\\src\\app\\movies\\loading.tsx"
2026-02-04T19:29:22.266895Z  INFO tailwindcss_oxide::scanner: Reading "F:\\My work\\Movie_Discovery\\tmdb-movie-app\\src\\store\\watchLaterStore.ts"
2026-02-04T19:29:22.266901Z  INFO tailwindcss_oxide::scanner: Reading "F:\\My work\\Movie_Discovery\\tmdb-movie-app\\src\\components\\__tests__\\MovieGridSkeleton.test.tsx"
2026-02-04T19:29:22.266914Z  INFO tailwindcss_oxide::scanner: Reading "F:\\My work\\Movie_Discovery\\tmdb-movie-app\\src\\components\\SortSelector.tsx"
2026-02-04T19:29:22.266946Z  INFO tailwindcss_oxide::scanner: Reading "F:\\My work\\Movie_Discovery\\tmdb-movie-app\\src\\components\\TrailerModal.tsx"
2026-02-04T19:29:22.267098Z  INFO tailwindcss_oxide::scanner: Reading "F:\\My work\\Movie_Discovery\\tmdb-movie-app\\package.json"
2026-02-04T19:29:22.267116Z  INFO tailwindcss_oxide::scanner: Reading "F:\\My work\\Movie_Discovery\\tmdb-movie-app\\src\\app\\movies\\page.tsx"
2026-02-04T19:29:22.267128Z  INFO tailwindcss_oxide::scanner: Reading "F:\\My work\\Movie_Discovery\\tmdb-movie-app\\src\\components\\MovieGridSkeleton.tsx"
2026-02-04T19:29:22.267140Z  INFO tailwindcss_oxide::scanner: Reading "F:\\My work\\Movie_Discovery\\tmdb-movie-app\\src\\store\\__tests__\\recentlyViewedStore.test.ts"
2026-02-04T19:29:22.267154Z  INFO tailwindcss_oxide::scanner: Reading "F:\\My work\\Movie_Discovery\\tmdb-movie-app\\src\\hooks\\useStore.ts"
2026-02-04T19:29:22.267193Z  INFO tailwindcss_oxide::scanner: Reading "F:\\My work\\Movie_Discovery\\tmdb-movie-app\\src\\app\\genre\\[id]\\loading.tsx"
2026-02-04T19:29:22.267187Z  INFO tailwindcss_oxide::scanner: Reading "F:\\My work\\Movie_Discovery\\tmdb-movie-app\\src\\test\\setup.tsx"
2026-02-04T19:29:22.267200Z  INFO tailwindcss_oxide::scanner: Reading "F:\\My work\\Movie_Discovery\\tmdb-movie-app\\src\\components\\ui\\Skeleton.tsx"
2026-02-04T19:29:22.267227Z  INFO tailwindcss_oxide::scanner: Reading "F:\\My work\\Movie_Discovery\\tmdb-movie-app\\src\\components\\MoviePageLoading.tsx"
2026-02-04T19:29:22.267218Z  INFO tailwindcss_oxide::scanner: Reading "F:\\My work\\Movie_Discovery\\tmdb-movie-app\\postcss.config.mjs"
2026-02-04T19:29:22.267263Z  INFO tailwindcss_oxide::scanner: Reading "F:\\My work\\Movie_Discovery\\tmdb-movie-app\\src\\lib\\helpers.ts"
2026-02-04T19:29:22.267296Z  INFO tailwindcss_oxide::scanner: Reading "F:\\My work\\Movie_Discovery\\tmdb-movie-app\\src\\app\\page.tsx"
2026-02-04T19:29:22.267327Z  INFO tailwindcss_oxide::scanner: Reading "F:\\My work\\Movie_Discovery\\tmdb-movie-app\\src\\app\\genre\\[id]\\page.tsx"
2026-02-04T19:29:22.267340Z  INFO tailwindcss_oxide::scanner: Reading "F:\\My work\\Movie_Discovery\\tmdb-movie-app\\public\\file.svg"
2026-02-04T19:29:22.267337Z  INFO tailwindcss_oxide::scanner: Reading "F:\\My work\\Movie_Discovery\\tmdb-movie-app\\src\\app\\layout.tsx"
2026-02-04T19:29:22.267340Z  INFO tailwindcss_oxide::scanner: Reading "F:\\My work\\Movie_Discovery\\tmdb-movie-app\\src\\types\\movie.ts"
2026-02-04T19:29:22.267355Z  INFO tailwindcss_oxide::scanner: Reading "F:\\My work\\Movie_Discovery\\tmdb-movie-app\\src\\components\\Pagination.tsx"
2026-02-04T19:29:22.267391Z  INFO tailwindcss_oxide::scanner: Reading "F:\\My work\\Movie_Discovery\\tmdb-movie-app\\src\\lib\\tmdb.ts"
2026-02-04T19:29:22.267428Z  INFO tailwindcss_oxide::scanner: Reading "F:\\My work\\Movie_Discovery\\tmdb-movie-app\\src\\app\\recently-viewed\\page.tsx"
2026-02-04T19:29:22.267464Z  INFO tailwindcss_oxide::scanner: Reading "F:\\My work\\Movie_Discovery\\tmdb-movie-app\\src\\app\\search\\loading.tsx"
2026-02-04T19:29:22.267524Z  INFO tailwindcss_oxide::scanner: Reading "F:\\My work\\Movie_Discovery\\tmdb-movie-app\\src\\lib\\__tests__\\tmdb.test.ts"
2026-02-04T19:29:22.267553Z  INFO tailwindcss_oxide::scanner: Reading "F:\\My work\\Movie_Discovery\\tmdb-movie-app\\tsconfig.json"
2026-02-04T19:29:22.267564Z  INFO tailwindcss_oxide::scanner: Reading "F:\\My work\\Movie_Discovery\\tmdb-movie-app\\public\\next.svg"
2026-02-04T19:29:22.267606Z  INFO tailwindcss_oxide::scanner: Reading "F:\\My work\\Movie_Discovery\\tmdb-movie-app\\src\\app\\search\\page.tsx"
2026-02-04T19:29:22.267625Z  INFO tailwindcss_oxide::scanner: Reading "F:\\My work\\Movie_Discovery\\tmdb-movie-app\\src\\app\\loading.tsx"
2026-02-04T19:29:22.267672Z  INFO tailwindcss_oxide::scanner: Reading "F:\\My work\\Movie_Discovery\\tmdb-movie-app\\vitest.config.ts"
2026-02-04T19:29:22.267672Z  INFO tailwindcss_oxide::scanner: Reading "F:\\My work\\Movie_Discovery\\tmdb-movie-app\\src\\components\\GenreList.tsx"
2026-02-04T19:29:22.267697Z  INFO tailwindcss_oxide::scanner: Reading "F:\\My work\\Movie_Discovery\\tmdb-movie-app\\src\\app\\watch-later\\page.tsx"
2026-02-04T19:29:22.267720Z  INFO tailwindcss_oxide::scanner: Reading "F:\\My work\\Movie_Discovery\\tmdb-movie-app\\src\\components\\GenreBar.tsx"
2026-02-04T19:29:22.267766Z  INFO tailwindcss_oxide::scanner: Reading "F:\\My work\\Movie_Discovery\\tmdb-movie-app\\src\\app\\recently-viewed\\__tests__\\page.test.tsx"
2026-02-04T19:29:22.267874Z  INFO tailwindcss_oxide::scanner: Reading "F:\\My work\\Movie_Discovery\\tmdb-movie-app\\src\\components\\LoadingSkeleton.tsx"
2026-02-04T19:29:22.267904Z  INFO tailwindcss_oxide::scanner: Reading "F:\\My work\\Movie_Discovery\\tmdb-movie-app\\src\\components\\GenreRowsContainer.tsx"
2026-02-04T19:29:22.267925Z  INFO tailwindcss_oxide::scanner: Reading "F:\\My work\\Movie_Discovery\\tmdb-movie-app\\src\\components\\GenreSection.tsx"
2026-02-04T19:29:22.267986Z  INFO tailwindcss_oxide::scanner: Reading "F:\\My work\\Movie_Discovery\\tmdb-movie-app\\public\\globe.svg"
2026-02-04T19:29:22.268006Z  INFO tailwindcss_oxide::scanner: Reading "F:\\My work\\Movie_Discovery\\tmdb-movie-app\\src\\components\\Navbar.tsx"
2026-02-04T19:29:22.268320Z  INFO extract_candidates:read_all_files: tailwindcss_oxide::scanner: exit
2026-02-04T19:29:22.268341Z  INFO extract_candidates:parse_all_blobs: tailwindcss_oxide::scanner: enter
2026-02-04T19:29:22.268348Z  INFO extract_candidates:parse_all_blobs:extract: tailwindcss_oxide::scanner: enter
2026-02-04T19:29:22.269753Z  INFO extract_candidates:parse_all_blobs:extract: tailwindcss_oxide::scanner: exit
2026-02-04T19:29:22.269790Z  INFO extract_candidates:parse_all_blobs: tailwindcss_oxide::scanner: exit
2026-02-04T19:29:22.269796Z  INFO extract_candidates:read_all_files: tailwindcss_oxide::scanner: enter
2026-02-04T19:29:22.269800Z  INFO extract_candidates:read_all_files: tailwindcss_oxide::scanner: Reading 1 file(s)
2026-02-04T19:29:22.269943Z  INFO extract_candidates:read_all_files: tailwindcss_oxide::scanner: Reading "F:\\My work\\Movie_Discovery\\tmdb-movie-app\\src\\app\\globals.css"
2026-02-04T19:29:22.269956Z  INFO extract_candidates:read_all_files: tailwindcss_oxide::scanner: exit
2026-02-04T19:29:22.269966Z  INFO extract_candidates:extract_css_variables: tailwindcss_oxide::scanner: enter
2026-02-04T19:29:22.269969Z  INFO extract_candidates:extract_css_variables:extract: tailwindcss_oxide::scanner: enter
2026-02-04T19:29:22.270066Z  INFO extract_candidates:extract_css_variables:extract: tailwindcss_oxide::scanner: exit
2026-02-04T19:29:22.270080Z  INFO extract_candidates:extract_css_variables: tailwindcss_oxide::scanner: exit
2026-02-04T19:29:22.270715Z  INFO extract_candidates: tailwindcss_oxide::scanner: exit
2026-02-04T19:29:22.294865Z  INFO get_files: tailwindcss_oxide::scanner: enter
2026-02-04T19:29:22.294916Z  INFO get_files:scan_sources: tailwindcss_oxide::scanner: enter
2026-02-04T19:29:22.297547Z  INFO get_files:scan_sources: tailwindcss_oxide::scanner: Discovering "F:\\My work\\Movie_Discovery\\tmdb-movie-app\\public"
2026-02-04T19:29:22.298086Z  INFO get_files:scan_sources: tailwindcss_oxide::scanner: Discovering "F:\\My work\\Movie_Discovery\\tmdb-movie-app\\src"
2026-02-04T19:29:22.298312Z  INFO get_files:scan_sources: tailwindcss_oxide::scanner: Discovering "F:\\My work\\Movie_Discovery\\tmdb-movie-app\\src\\app"
2026-02-04T19:29:22.298544Z  INFO get_files:scan_sources: tailwindcss_oxide::scanner: Discovering "F:\\My work\\Movie_Discovery\\tmdb-movie-app\\src\\app\\genre"
2026-02-04T19:29:22.298760Z  INFO get_files:scan_sources: tailwindcss_oxide::scanner: Discovering "F:\\My work\\Movie_Discovery\\tmdb-movie-app\\src\\app\\genre\\[id]"
2026-02-04T19:29:22.299237Z  INFO get_files:scan_sources: tailwindcss_oxide::scanner: Discovering "F:\\My work\\Movie_Discovery\\tmdb-movie-app\\src\\app\\movie"
2026-02-04T19:29:22.299439Z  INFO get_files:scan_sources: tailwindcss_oxide::scanner: Discovering "F:\\My work\\Movie_Discovery\\tmdb-movie-app\\src\\app\\movie\\[id]"
2026-02-04T19:29:22.299770Z  INFO get_files:scan_sources: tailwindcss_oxide::scanner: Discovering "F:\\My work\\Movie_Discovery\\tmdb-movie-app\\src\\app\\movies"
2026-02-04T19:29:22.300137Z  INFO get_files:scan_sources: tailwindcss_oxide::scanner: Discovering "F:\\My work\\Movie_Discovery\\tmdb-movie-app\\src\\app\\recently-viewed"
2026-02-04T19:29:22.300423Z  INFO get_files:scan_sources: tailwindcss_oxide::scanner: Discovering "F:\\My work\\Movie_Discovery\\tmdb-movie-app\\src\\app\\recently-viewed\\__tests__"
2026-02-04T19:29:22.300728Z  INFO get_files:scan_sources: tailwindcss_oxide::scanner: Discovering "F:\\My work\\Movie_Discovery\\tmdb-movie-app\\src\\app\\search"
2026-02-04T19:29:22.301040Z  INFO get_files:scan_sources: tailwindcss_oxide::scanner: Discovering "F:\\My work\\Movie_Discovery\\tmdb-movie-app\\src\\app\\watch-later"
2026-02-04T19:29:22.301381Z  INFO get_files:scan_sources: tailwindcss_oxide::scanner: Discovering "F:\\My work\\Movie_Discovery\\tmdb-movie-app\\src\\components"
2026-02-04T19:29:22.302723Z  INFO get_files:scan_sources: tailwindcss_oxide::scanner: Discovering "F:\\My work\\Movie_Discovery\\tmdb-movie-app\\src\\components\\ui"
2026-02-04T19:29:22.303038Z  INFO get_files:scan_sources: tailwindcss_oxide::scanner: Discovering "F:\\My work\\Movie_Discovery\\tmdb-movie-app\\src\\components\\__tests__"
2026-02-04T19:29:22.303358Z  INFO get_files:scan_sources: tailwindcss_oxide::scanner: Discovering "F:\\My work\\Movie_Discovery\\tmdb-movie-app\\src\\hooks"
2026-02-04T19:29:22.303627Z  INFO get_files:scan_sources: tailwindcss_oxide::scanner: Discovering "F:\\My work\\Movie_Discovery\\tmdb-movie-app\\src\\lib"
2026-02-04T19:29:22.303894Z  INFO get_files:scan_sources: tailwindcss_oxide::scanner: Discovering "F:\\My work\\Movie_Discovery\\tmdb-movie-app\\src\\lib\\__tests__"
2026-02-04T19:29:22.304170Z  INFO get_files:scan_sources: tailwindcss_oxide::scanner: Discovering "F:\\My work\\Movie_Discovery\\tmdb-movie-app\\src\\store"
2026-02-04T19:29:22.304465Z  INFO get_files:scan_sources: tailwindcss_oxide::scanner: Discovering "F:\\My work\\Movie_Discovery\\tmdb-movie-app\\src\\store\\__tests__"
2026-02-04T19:29:22.304735Z  INFO get_files:scan_sources: tailwindcss_oxide::scanner: Discovering "F:\\My work\\Movie_Discovery\\tmdb-movie-app\\src\\test"
2026-02-04T19:29:22.304912Z  INFO get_files:scan_sources: tailwindcss_oxide::scanner: Discovering "F:\\My work\\Movie_Discovery\\tmdb-movie-app\\src\\types"
2026-02-04T19:29:22.305155Z  INFO get_files:scan_sources: tailwindcss_oxide::scanner: exit
2026-02-04T19:29:22.305311Z  INFO get_files: tailwindcss_oxide::scanner: exit
2026-02-04T19:29:22.305889Z  INFO get_globs: tailwindcss_oxide::scanner: enter
2026-02-04T19:29:22.305899Z  INFO get_globs:scan_sources: tailwindcss_oxide::scanner: enter
2026-02-04T19:29:22.307673Z  INFO get_globs:scan_sources: tailwindcss_oxide::scanner: Discovering "F:\\My work\\Movie_Discovery\\tmdb-movie-app\\public"
2026-02-04T19:29:22.308017Z  INFO get_globs:scan_sources: tailwindcss_oxide::scanner: Discovering "F:\\My work\\Movie_Discovery\\tmdb-movie-app\\src"
2026-02-04T19:29:22.308152Z  INFO get_globs:scan_sources: tailwindcss_oxide::scanner: Discovering "F:\\My work\\Movie_Discovery\\tmdb-movie-app\\src\\app"
2026-02-04T19:29:22.308314Z  INFO get_globs:scan_sources: tailwindcss_oxide::scanner: Discovering "F:\\My work\\Movie_Discovery\\tmdb-movie-app\\src\\app\\genre"
2026-02-04T19:29:22.308502Z  INFO get_globs:scan_sources: tailwindcss_oxide::scanner: Discovering "F:\\My work\\Movie_Discovery\\tmdb-movie-app\\src\\app\\genre\\[id]"
2026-02-04T19:29:22.308822Z  INFO get_globs:scan_sources: tailwindcss_oxide::scanner: Discovering "F:\\My work\\Movie_Discovery\\tmdb-movie-app\\src\\app\\movie"
2026-02-04T19:29:22.308963Z  INFO get_globs:scan_sources: tailwindcss_oxide::scanner: Discovering "F:\\My work\\Movie_Discovery\\tmdb-movie-app\\src\\app\\movie\\[id]"
2026-02-04T19:29:22.309209Z  INFO get_globs:scan_sources: tailwindcss_oxide::scanner: Discovering "F:\\My work\\Movie_Discovery\\tmdb-movie-app\\src\\app\\movies"
2026-02-04T19:29:22.309437Z  INFO get_globs:scan_sources: tailwindcss_oxide::scanner: Discovering "F:\\My work\\Movie_Discovery\\tmdb-movie-app\\src\\app\\recently-viewed"
2026-02-04T19:29:22.309608Z  INFO get_globs:scan_sources: tailwindcss_oxide::scanner: Discovering "F:\\My work\\Movie_Discovery\\tmdb-movie-app\\src\\app\\recently-viewed\\__tests__"
2026-02-04T19:29:22.309791Z  INFO get_globs:scan_sources: tailwindcss_oxide::scanner: Discovering "F:\\My work\\Movie_Discovery\\tmdb-movie-app\\src\\app\\search"
2026-02-04T19:29:22.321322Z  INFO get_globs:scan_sources: tailwindcss_oxide::scanner: Discovering "F:\\My work\\Movie_Discovery\\tmdb-movie-app\\src\\app\\watch-later"
2026-02-04T19:29:22.321527Z  INFO get_globs:scan_sources: tailwindcss_oxide::scanner: Discovering "F:\\My work\\Movie_Discovery\\tmdb-movie-app\\src\\components"
2026-02-04T19:29:22.322023Z  INFO get_globs:scan_sources: tailwindcss_oxide::scanner: Discovering "F:\\My work\\Movie_Discovery\\tmdb-movie-app\\src\\components\\ui"
2026-02-04T19:29:22.322154Z  INFO get_globs:scan_sources: tailwindcss_oxide::scanner: Discovering "F:\\My work\\Movie_Discovery\\tmdb-movie-app\\src\\components\\__tests__"
2026-02-04T19:29:22.322374Z  INFO get_globs:scan_sources: tailwindcss_oxide::scanner: Discovering "F:\\My work\\Movie_Discovery\\tmdb-movie-app\\src\\hooks"
2026-02-04T19:29:22.322677Z  INFO get_globs:scan_sources: tailwindcss_oxide::scanner: Discovering "F:\\My work\\Movie_Discovery\\tmdb-movie-app\\src\\lib"
2026-02-04T19:29:22.322976Z  INFO get_globs:scan_sources: tailwindcss_oxide::scanner: Discovering "F:\\My work\\Movie_Discovery\\tmdb-movie-app\\src\\lib\\__tests__"
2026-02-04T19:29:22.323301Z  INFO get_globs:scan_sources: tailwindcss_oxide::scanner: Discovering "F:\\My work\\Movie_Discovery\\tmdb-movie-app\\src\\store"
2026-02-04T19:29:22.323634Z  INFO get_globs:scan_sources: tailwindcss_oxide::scanner: Discovering "F:\\My work\\Movie_Discovery\\tmdb-movie-app\\src\\store\\__tests__"
2026-02-04T19:29:22.323924Z  INFO get_globs:scan_sources: tailwindcss_oxide::scanner: Discovering "F:\\My work\\Movie_Discovery\\tmdb-movie-app\\src\\test"
2026-02-04T19:29:22.324224Z  INFO get_globs:scan_sources: tailwindcss_oxide::scanner: Discovering "F:\\My work\\Movie_Discovery\\tmdb-movie-app\\src\\types"
2026-02-04T19:29:22.324683Z  INFO get_globs:scan_sources: tailwindcss_oxide::scanner: exit
2026-02-04T19:29:22.331246Z  INFO get_globs: tailwindcss_oxide::scanner: exit
