2026-02-02T13:47:46.952979Z  INFO tailwindcss_oxide::scanner: Provided sources:
2026-02-02T13:47:46.998976Z  INFO tailwindcss_oxide::scanner: Source: PublicSourceEntry { base: "F:\\My work\\Movie_Discovery\\tmdb-movie-app", pattern: "**/*", negated: false }
2026-02-02T13:47:47.004292Z  INFO tailwindcss_oxide::scanner: Optimized sources:
2026-02-02T13:47:47.004392Z  INFO tailwindcss_oxide::scanner: Source: Auto { base: "F:\\My work\\Movie_Discovery\\tmdb-movie-app" }
2026-02-02T13:47:47.012262Z  INFO scan_sources: tailwindcss_oxide::scanner: enter
2026-02-02T13:47:47.017447Z  INFO scan_sources: tailwindcss_oxide::scanner: Discovering "F:\\My work\\Movie_Discovery\\tmdb-movie-app\\eslint.config.mjs"
2026-02-02T13:47:47.018102Z  INFO scan_sources: tailwindcss_oxide::scanner: Discovering "F:\\My work\\Movie_Discovery\\tmdb-movie-app\\next.config.ts"
2026-02-02T13:47:47.018686Z  INFO scan_sources: tailwindcss_oxide::scanner: Discovering "F:\\My work\\Movie_Discovery\\tmdb-movie-app\\package.json"
2026-02-02T13:47:47.019170Z  INFO scan_sources: tailwindcss_oxide::scanner: Discovering "F:\\My work\\Movie_Discovery\\tmdb-movie-app\\postcss.config.mjs"
2026-02-02T13:47:47.019587Z  INFO scan_sources: tailwindcss_oxide::scanner: Discovering "F:\\My work\\Movie_Discovery\\tmdb-movie-app\\public"
2026-02-02T13:47:47.020156Z  INFO scan_sources: tailwindcss_oxide::scanner: Discovering "F:\\My work\\Movie_Discovery\\tmdb-movie-app\\public\\file.svg"
2026-02-02T13:47:47.020450Z  INFO scan_sources: tailwindcss_oxide::scanner: Discovering "F:\\My work\\Movie_Discovery\\tmdb-movie-app\\public\\globe.svg"
2026-02-02T13:47:47.020715Z  INFO scan_sources: tailwindcss_oxide::scanner: Discovering "F:\\My work\\Movie_Discovery\\tmdb-movie-app\\public\\next.svg"
2026-02-02T13:47:47.020996Z  INFO scan_sources: tailwindcss_oxide::scanner: Discovering "F:\\My work\\Movie_Discovery\\tmdb-movie-app\\public\\vercel.svg"
2026-02-02T13:47:47.021232Z  INFO scan_sources: tailwindcss_oxide::scanner: Discovering "F:\\My work\\Movie_Discovery\\tmdb-movie-app\\public\\window.svg"
2026-02-02T13:47:47.021577Z  INFO scan_sources: tailwindcss_oxide::scanner: Discovering "F:\\My work\\Movie_Discovery\\tmdb-movie-app\\README.md"
2026-02-02T13:47:47.021947Z  INFO scan_sources: tailwindcss_oxide::scanner: Discovering "F:\\My work\\Movie_Discovery\\tmdb-movie-app\\src"
2026-02-02T13:47:47.022560Z  INFO scan_sources: tailwindcss_oxide::scanner: Discovering "F:\\My work\\Movie_Discovery\\tmdb-movie-app\\src\\app"
2026-02-02T13:47:47.028221Z  INFO scan_sources: tailwindcss_oxide::scanner: Discovering "F:\\My work\\Movie_Discovery\\tmdb-movie-app\\src\\app\\genre"
2026-02-02T13:47:47.030144Z  INFO scan_sources: tailwindcss_oxide::scanner: Discovering "F:\\My work\\Movie_Discovery\\tmdb-movie-app\\src\\app\\genre\\[id]"
2026-02-02T13:47:47.030985Z  INFO scan_sources: tailwindcss_oxide::scanner: Discovering "F:\\My work\\Movie_Discovery\\tmdb-movie-app\\src\\app\\genre\\[id]\\page.tsx"
2026-02-02T13:47:47.031120Z  INFO scan_sources: tailwindcss_oxide::scanner: Discovering "F:\\My work\\Movie_Discovery\\tmdb-movie-app\\src\\app\\globals.css"
2026-02-02T13:47:47.031207Z  INFO scan_sources: tailwindcss_oxide::scanner: Discovering "F:\\My work\\Movie_Discovery\\tmdb-movie-app\\src\\app\\layout.tsx"
2026-02-02T13:47:47.031344Z  INFO scan_sources: tailwindcss_oxide::scanner: Discovering "F:\\My work\\Movie_Discovery\\tmdb-movie-app\\src\\app\\movie"
2026-02-02T13:47:47.031965Z  INFO scan_sources: tailwindcss_oxide::scanner: Discovering "F:\\My work\\Movie_Discovery\\tmdb-movie-app\\src\\app\\movie\\[id]"
2026-02-02T13:47:47.032576Z  INFO scan_sources: tailwindcss_oxide::scanner: Discovering "F:\\My work\\Movie_Discovery\\tmdb-movie-app\\src\\app\\movie\\[id]\\page.tsx"
2026-02-02T13:47:47.033141Z  INFO scan_sources: tailwindcss_oxide::scanner: Discovering "F:\\My work\\Movie_Discovery\\tmdb-movie-app\\src\\app\\page.tsx"
2026-02-02T13:47:47.033673Z  INFO scan_sources: tailwindcss_oxide::scanner: Discovering "F:\\My work\\Movie_Discovery\\tmdb-movie-app\\src\\app\\recently-viewed"
2026-02-02T13:47:47.034312Z  INFO scan_sources: tailwindcss_oxide::scanner: Discovering "F:\\My work\\Movie_Discovery\\tmdb-movie-app\\src\\app\\recently-viewed\\page.tsx"
2026-02-02T13:47:47.034884Z  INFO scan_sources: tailwindcss_oxide::scanner: Discovering "F:\\My work\\Movie_Discovery\\tmdb-movie-app\\src\\app\\search"
2026-02-02T13:47:47.035263Z  INFO scan_sources: tailwindcss_oxide::scanner: Discovering "F:\\My work\\Movie_Discovery\\tmdb-movie-app\\src\\app\\search\\page.tsx"
2026-02-02T13:47:47.035589Z  INFO scan_sources: tailwindcss_oxide::scanner: Discovering "F:\\My work\\Movie_Discovery\\tmdb-movie-app\\src\\app\\watch-later"
2026-02-02T13:47:47.035955Z  INFO scan_sources: tailwindcss_oxide::scanner: Discovering "F:\\My work\\Movie_Discovery\\tmdb-movie-app\\src\\app\\watch-later\\page.tsx"
2026-02-02T13:47:47.036386Z  INFO scan_sources: tailwindcss_oxide::scanner: Discovering "F:\\My work\\Movie_Discovery\\tmdb-movie-app\\src\\components"
2026-02-02T13:47:47.036891Z  INFO scan_sources: tailwindcss_oxide::scanner: Discovering "F:\\My work\\Movie_Discovery\\tmdb-movie-app\\src\\components\\GenreList.tsx"
2026-02-02T13:47:47.037218Z  INFO scan_sources: tailwindcss_oxide::scanner: Discovering "F:\\My work\\Movie_Discovery\\tmdb-movie-app\\src\\components\\LoadingSkeleton.tsx"
2026-02-02T13:47:47.037485Z  INFO scan_sources: tailwindcss_oxide::scanner: Discovering "F:\\My work\\Movie_Discovery\\tmdb-movie-app\\src\\components\\MovieCard.tsx"
2026-02-02T13:47:47.037760Z  INFO scan_sources: tailwindcss_oxide::scanner: Discovering "F:\\My work\\Movie_Discovery\\tmdb-movie-app\\src\\components\\MovieGrid.tsx"
2026-02-02T13:47:47.038042Z  INFO scan_sources: tailwindcss_oxide::scanner: Discovering "F:\\My work\\Movie_Discovery\\tmdb-movie-app\\src\\components\\Navbar.tsx"
2026-02-02T13:47:47.038447Z  INFO scan_sources: tailwindcss_oxide::scanner: Discovering "F:\\My work\\Movie_Discovery\\tmdb-movie-app\\src\\lib"
2026-02-02T13:47:47.038865Z  INFO scan_sources: tailwindcss_oxide::scanner: Discovering "F:\\My work\\Movie_Discovery\\tmdb-movie-app\\src\\lib\\helpers.ts"
2026-02-02T13:47:47.039079Z  INFO scan_sources: tailwindcss_oxide::scanner: Discovering "F:\\My work\\Movie_Discovery\\tmdb-movie-app\\src\\lib\\tmdb.ts"
2026-02-02T13:47:47.039447Z  INFO scan_sources: tailwindcss_oxide::scanner: Discovering "F:\\My work\\Movie_Discovery\\tmdb-movie-app\\src\\store"
2026-02-02T13:47:47.039896Z  INFO scan_sources: tailwindcss_oxide::scanner: Discovering "F:\\My work\\Movie_Discovery\\tmdb-movie-app\\src\\store\\recentlyViewedStore.ts"
2026-02-02T13:47:47.040143Z  INFO scan_sources: tailwindcss_oxide::scanner: Discovering "F:\\My work\\Movie_Discovery\\tmdb-movie-app\\src\\store\\watchLaterStore.ts"
2026-02-02T13:47:47.040509Z  INFO scan_sources: tailwindcss_oxide::scanner: Discovering "F:\\My work\\Movie_Discovery\\tmdb-movie-app\\src\\types"
2026-02-02T13:47:47.040901Z  INFO scan_sources: tailwindcss_oxide::scanner: Discovering "F:\\My work\\Movie_Discovery\\tmdb-movie-app\\src\\types\\movie.ts"
2026-02-02T13:47:47.041315Z  INFO scan_sources: tailwindcss_oxide::scanner: Discovering "F:\\My work\\Movie_Discovery\\tmdb-movie-app\\tsconfig.json"
2026-02-02T13:47:47.041561Z  INFO scan_sources: tailwindcss_oxide::scanner: exit
2026-02-02T13:47:47.058540Z  INFO extract_candidates: tailwindcss_oxide::scanner: enter
2026-02-02T13:47:47.058640Z  INFO extract_candidates:read_all_files: tailwindcss_oxide::scanner: enter
2026-02-02T13:47:47.058657Z  INFO extract_candidates:read_all_files: tailwindcss_oxide::scanner: Reading 28 file(s)
2026-02-02T13:47:47.063172Z  INFO tailwindcss_oxide::scanner: Reading "F:\\My work\\Movie_Discovery\\tmdb-movie-app\\src\\components\\Navbar.tsx"
2026-02-02T13:47:47.063190Z  INFO tailwindcss_oxide::scanner: Reading "F:\\My work\\Movie_Discovery\\tmdb-movie-app\\postcss.config.mjs"
2026-02-02T13:47:47.063358Z  INFO tailwindcss_oxide::scanner: Reading "F:\\My work\\Movie_Discovery\\tmdb-movie-app\\next.config.ts"
2026-02-02T13:47:47.072560Z  INFO tailwindcss_oxide::scanner: Reading "F:\\My work\\Movie_Discovery\\tmdb-movie-app\\src\\lib\\helpers.ts"
2026-02-02T13:47:47.072942Z  INFO tailwindcss_oxide::scanner: Reading "F:\\My work\\Movie_Discovery\\tmdb-movie-app\\src\\lib\\tmdb.ts"
2026-02-02T13:47:47.073073Z  INFO tailwindcss_oxide::scanner: Reading "F:\\My work\\Movie_Discovery\\tmdb-movie-app\\src\\types\\movie.ts"
2026-02-02T13:47:47.073224Z  INFO tailwindcss_oxide::scanner: Reading "F:\\My work\\Movie_Discovery\\tmdb-movie-app\\tsconfig.json"
2026-02-02T13:47:47.073281Z  INFO tailwindcss_oxide::scanner: Reading "F:\\My work\\Movie_Discovery\\tmdb-movie-app\\package.json"
2026-02-02T13:47:47.094055Z  INFO tailwindcss_oxide::scanner: Reading "F:\\My work\\Movie_Discovery\\tmdb-movie-app\\src\\store\\recentlyViewedStore.ts"
2026-02-02T13:47:47.094390Z  INFO tailwindcss_oxide::scanner: Reading "F:\\My work\\Movie_Discovery\\tmdb-movie-app\\src\\app\\genre\\[id]\\page.tsx"
2026-02-02T13:47:47.094628Z  INFO tailwindcss_oxide::scanner: Reading "F:\\My work\\Movie_Discovery\\tmdb-movie-app\\src\\app\\layout.tsx"
2026-02-02T13:47:47.095579Z  INFO tailwindcss_oxide::scanner: Reading "F:\\My work\\Movie_Discovery\\tmdb-movie-app\\src\\components\\GenreList.tsx"
2026-02-02T13:47:47.095965Z  INFO tailwindcss_oxide::scanner: Reading "F:\\My work\\Movie_Discovery\\tmdb-movie-app\\public\\vercel.svg"
2026-02-02T13:47:47.106361Z  INFO tailwindcss_oxide::scanner: Reading "F:\\My work\\Movie_Discovery\\tmdb-movie-app\\eslint.config.mjs"
2026-02-02T13:47:47.106816Z  INFO tailwindcss_oxide::scanner: Reading "F:\\My work\\Movie_Discovery\\tmdb-movie-app\\src\\store\\watchLaterStore.ts"
2026-02-02T13:47:47.109234Z  INFO tailwindcss_oxide::scanner: Reading "F:\\My work\\Movie_Discovery\\tmdb-movie-app\\src\\app\\recently-viewed\\page.tsx"
2026-02-02T13:47:47.110391Z  INFO tailwindcss_oxide::scanner: Reading "F:\\My work\\Movie_Discovery\\tmdb-movie-app\\public\\file.svg"
2026-02-02T13:47:47.125098Z  INFO tailwindcss_oxide::scanner: Reading "F:\\My work\\Movie_Discovery\\tmdb-movie-app\\src\\components\\LoadingSkeleton.tsx"
2026-02-02T13:47:47.125118Z  INFO tailwindcss_oxide::scanner: Reading "F:\\My work\\Movie_Discovery\\tmdb-movie-app\\src\\app\\search\\page.tsx"
2026-02-02T13:47:47.125364Z  INFO tailwindcss_oxide::scanner: Reading "F:\\My work\\Movie_Discovery\\tmdb-movie-app\\src\\app\\page.tsx"
2026-02-02T13:47:47.127971Z  INFO tailwindcss_oxide::scanner: Reading "F:\\My work\\Movie_Discovery\\tmdb-movie-app\\public\\window.svg"
2026-02-02T13:47:47.133184Z  INFO tailwindcss_oxide::scanner: Reading "F:\\My work\\Movie_Discovery\\tmdb-movie-app\\src\\app\\movie\\[id]\\page.tsx"
2026-02-02T13:47:47.138899Z  INFO tailwindcss_oxide::scanner: Reading "F:\\My work\\Movie_Discovery\\tmdb-movie-app\\src\\app\\watch-later\\page.tsx"
2026-02-02T13:47:47.141897Z  INFO tailwindcss_oxide::scanner: Reading "F:\\My work\\Movie_Discovery\\tmdb-movie-app\\public\\globe.svg"
2026-02-02T13:47:47.152126Z  INFO tailwindcss_oxide::scanner: Reading "F:\\My work\\Movie_Discovery\\tmdb-movie-app\\src\\components\\MovieGrid.tsx"
2026-02-02T13:47:47.157913Z  INFO tailwindcss_oxide::scanner: Reading "F:\\My work\\Movie_Discovery\\tmdb-movie-app\\src\\components\\MovieCard.tsx"
2026-02-02T13:47:47.170241Z  INFO tailwindcss_oxide::scanner: Reading "F:\\My work\\Movie_Discovery\\tmdb-movie-app\\public\\next.svg"
2026-02-02T13:47:47.170346Z  INFO tailwindcss_oxide::scanner: Reading "F:\\My work\\Movie_Discovery\\tmdb-movie-app\\README.md"
2026-02-02T13:47:47.170547Z  INFO extract_candidates:read_all_files: tailwindcss_oxide::scanner: exit
2026-02-02T13:47:47.170603Z  INFO extract_candidates:parse_all_blobs: tailwindcss_oxide::scanner: enter
2026-02-02T13:47:47.170618Z  INFO extract_candidates:parse_all_blobs:extract: tailwindcss_oxide::scanner: enter
2026-02-02T13:47:47.172552Z  INFO extract_candidates:parse_all_blobs:extract: tailwindcss_oxide::scanner: exit
2026-02-02T13:47:47.172607Z  INFO extract_candidates:parse_all_blobs: tailwindcss_oxide::scanner: exit
2026-02-02T13:47:47.172628Z  INFO extract_candidates:read_all_files: tailwindcss_oxide::scanner: enter
2026-02-02T13:47:47.172639Z  INFO extract_candidates:read_all_files: tailwindcss_oxide::scanner: Reading 1 file(s)
2026-02-02T13:47:47.172911Z  INFO extract_candidates:read_all_files: tailwindcss_oxide::scanner: Reading "F:\\My work\\Movie_Discovery\\tmdb-movie-app\\src\\app\\globals.css"
2026-02-02T13:47:47.172943Z  INFO extract_candidates:read_all_files: tailwindcss_oxide::scanner: exit
2026-02-02T13:47:47.172965Z  INFO extract_candidates:extract_css_variables: tailwindcss_oxide::scanner: enter
2026-02-02T13:47:47.172982Z  INFO extract_candidates:extract_css_variables:extract: tailwindcss_oxide::scanner: enter
2026-02-02T13:47:47.173236Z  INFO extract_candidates:extract_css_variables:extract: tailwindcss_oxide::scanner: exit
2026-02-02T13:47:47.173279Z  INFO extract_candidates:extract_css_variables: tailwindcss_oxide::scanner: exit
2026-02-02T13:47:47.184313Z  INFO extract_candidates: tailwindcss_oxide::scanner: exit
2026-02-02T13:47:47.184881Z  INFO get_files: tailwindcss_oxide::scanner: enter
2026-02-02T13:47:47.184906Z  INFO get_files:scan_sources: tailwindcss_oxide::scanner: enter
2026-02-02T13:47:47.189261Z  INFO get_files:scan_sources: tailwindcss_oxide::scanner: Discovering "F:\\My work\\Movie_Discovery\\tmdb-movie-app\\public"
2026-02-02T13:47:47.190116Z  INFO get_files:scan_sources: tailwindcss_oxide::scanner: Discovering "F:\\My work\\Movie_Discovery\\tmdb-movie-app\\src"
2026-02-02T13:47:47.190462Z  INFO get_files:scan_sources: tailwindcss_oxide::scanner: Discovering "F:\\My work\\Movie_Discovery\\tmdb-movie-app\\src\\app"
2026-02-02T13:47:47.190825Z  INFO get_files:scan_sources: tailwindcss_oxide::scanner: Discovering "F:\\My work\\Movie_Discovery\\tmdb-movie-app\\src\\app\\genre"
2026-02-02T13:47:47.191392Z  INFO get_files:scan_sources: tailwindcss_oxide::scanner: Discovering "F:\\My work\\Movie_Discovery\\tmdb-movie-app\\src\\app\\genre\\[id]"
2026-02-02T13:47:47.192161Z  INFO get_files:scan_sources: tailwindcss_oxide::scanner: Discovering "F:\\My work\\Movie_Discovery\\tmdb-movie-app\\src\\app\\movie"
2026-02-02T13:47:47.192744Z  INFO get_files:scan_sources: tailwindcss_oxide::scanner: Discovering "F:\\My work\\Movie_Discovery\\tmdb-movie-app\\src\\app\\movie\\[id]"
2026-02-02T13:47:47.193598Z  INFO get_files:scan_sources: tailwindcss_oxide::scanner: Discovering "F:\\My work\\Movie_Discovery\\tmdb-movie-app\\src\\app\\recently-viewed"
2026-02-02T13:47:47.194297Z  INFO get_files:scan_sources: tailwindcss_oxide::scanner: Discovering "F:\\My work\\Movie_Discovery\\tmdb-movie-app\\src\\app\\search"
2026-02-02T13:47:47.194773Z  INFO get_files:scan_sources: tailwindcss_oxide::scanner: Discovering "F:\\My work\\Movie_Discovery\\tmdb-movie-app\\src\\app\\watch-later"
2026-02-02T13:47:47.195260Z  INFO get_files:scan_sources: tailwindcss_oxide::scanner: Discovering "F:\\My work\\Movie_Discovery\\tmdb-movie-app\\src\\components"
2026-02-02T13:47:47.195967Z  INFO get_files:scan_sources: tailwindcss_oxide::scanner: Discovering "F:\\My work\\Movie_Discovery\\tmdb-movie-app\\src\\lib"
2026-02-02T13:47:47.196480Z  INFO get_files:scan_sources: tailwindcss_oxide::scanner: Discovering "F:\\My work\\Movie_Discovery\\tmdb-movie-app\\src\\store"
2026-02-02T13:47:47.196997Z  INFO get_files:scan_sources: tailwindcss_oxide::scanner: Discovering "F:\\My work\\Movie_Discovery\\tmdb-movie-app\\src\\types"
2026-02-02T13:47:47.197591Z  INFO get_files:scan_sources: tailwindcss_oxide::scanner: exit
2026-02-02T13:47:47.197839Z  INFO get_files: tailwindcss_oxide::scanner: exit
2026-02-02T13:47:47.198904Z  INFO get_globs: tailwindcss_oxide::scanner: enter
2026-02-02T13:47:47.198928Z  INFO get_globs:scan_sources: tailwindcss_oxide::scanner: enter
2026-02-02T13:47:47.202884Z  INFO get_globs:scan_sources: tailwindcss_oxide::scanner: Discovering "F:\\My work\\Movie_Discovery\\tmdb-movie-app\\public"
2026-02-02T13:47:47.203726Z  INFO get_globs:scan_sources: tailwindcss_oxide::scanner: Discovering "F:\\My work\\Movie_Discovery\\tmdb-movie-app\\src"
2026-02-02T13:47:47.204076Z  INFO get_globs:scan_sources: tailwindcss_oxide::scanner: Discovering "F:\\My work\\Movie_Discovery\\tmdb-movie-app\\src\\app"
2026-02-02T13:47:47.205696Z  INFO get_globs:scan_sources: tailwindcss_oxide::scanner: Discovering "F:\\My work\\Movie_Discovery\\tmdb-movie-app\\src\\app\\genre"
2026-02-02T13:47:47.206305Z  INFO get_globs:scan_sources: tailwindcss_oxide::scanner: Discovering "F:\\My work\\Movie_Discovery\\tmdb-movie-app\\src\\app\\genre\\[id]"
2026-02-02T13:47:47.207448Z  INFO get_globs:scan_sources: tailwindcss_oxide::scanner: Discovering "F:\\My work\\Movie_Discovery\\tmdb-movie-app\\src\\app\\movie"
2026-02-02T13:47:47.208078Z  INFO get_globs:scan_sources: tailwindcss_oxide::scanner: Discovering "F:\\My work\\Movie_Discovery\\tmdb-movie-app\\src\\app\\movie\\[id]"
2026-02-02T13:47:47.208865Z  INFO get_globs:scan_sources: tailwindcss_oxide::scanner: Discovering "F:\\My work\\Movie_Discovery\\tmdb-movie-app\\src\\app\\recently-viewed"
2026-02-02T13:47:47.209717Z  INFO get_globs:scan_sources: tailwindcss_oxide::scanner: Discovering "F:\\My work\\Movie_Discovery\\tmdb-movie-app\\src\\app\\search"
2026-02-02T13:47:47.210527Z  INFO get_globs:scan_sources: tailwindcss_oxide::scanner: Discovering "F:\\My work\\Movie_Discovery\\tmdb-movie-app\\src\\app\\watch-later"
2026-02-02T13:47:47.211110Z  INFO get_globs:scan_sources: tailwindcss_oxide::scanner: Discovering "F:\\My work\\Movie_Discovery\\tmdb-movie-app\\src\\components"
2026-02-02T13:47:47.211956Z  INFO get_globs:scan_sources: tailwindcss_oxide::scanner: Discovering "F:\\My work\\Movie_Discovery\\tmdb-movie-app\\src\\lib"
2026-02-02T13:47:47.212470Z  INFO get_globs:scan_sources: tailwindcss_oxide::scanner: Discovering "F:\\My work\\Movie_Discovery\\tmdb-movie-app\\src\\store"
2026-02-02T13:47:47.212992Z  INFO get_globs:scan_sources: tailwindcss_oxide::scanner: Discovering "F:\\My work\\Movie_Discovery\\tmdb-movie-app\\src\\types"
2026-02-02T13:47:47.213591Z  INFO get_globs:scan_sources: tailwindcss_oxide::scanner: exit
2026-02-02T13:47:47.222463Z  INFO get_globs: tailwindcss_oxide::scanner: exit
